<?xml version="1.0" encoding="UTF-8"?>
<testng-results ignored="0" total="2" passed="2" failed="0" skipped="0">
  <reporter-output>
  </reporter-output>
  <suite started-at="2022-03-07T10:29:58 AEDT" name="Default suite" finished-at="2022-03-07T10:30:44 AEDT" duration-ms="46912">
    <groups>
    </groups>
    <test started-at="2022-03-07T10:29:58 AEDT" name="Default test" finished-at="2022-03-07T10:30:44 AEDT" duration-ms="46912">
      <class name="tests.UserCreation">
        <test-method is-config="true" signature="initialize()[pri:0, instance:tests.UserCreation@6da21078]" started-at="2022-03-07T10:29:58 AEDT" name="initialize" finished-at="2022-03-07T10:30:01 AEDT" duration-ms="3499" status="PASS">
          <reporter-output>
          </reporter-output>
        </test-method> <!-- initialize -->
        <test-method signature="loginTest()[pri:0, instance:tests.UserCreation@6da21078]" started-at="2022-03-07T10:30:01 AEDT" name="loginTest" finished-at="2022-03-07T10:30:44 AEDT" duration-ms="43329" status="PASS">
          <reporter-output>
          </reporter-output>
        </test-method> <!-- loginTest -->
        <test-method signature="setup()[pri:0, instance:tests.UserCreation@6da21078]" started-at="2022-03-07T10:30:44 AEDT" name="setup" finished-at="2022-03-07T10:30:44 AEDT" duration-ms="21" status="PASS">
          <reporter-output>
          </reporter-output>
        </test-method> <!-- setup -->
      </class> <!-- tests.UserCreation -->
    </test> <!-- Default test -->
  </suite> <!-- Default suite -->
</testng-results>
